2026-04-09 17:17:03,212 | INFO | src.utils | Logging initialized. Log: logs\real_estate.log
2026-04-09 17:17:03,274 | INFO | src.data_loader | Data loaded: 1860 rows, 14 columns
2026-04-09 17:17:03,274 | INFO | src.data_loader | Columns: ['price', 'year_sold', 'property_tax', 'insurance', 'beds', 'baths', 'sqft', 'year_built', 'lot_size', 'basement', 'popular', 'recession', 'property_age', 'property_type_Condo']
2026-04-09 17:17:03,284 | INFO | src.preprocessing | Features: 13 columns
2026-04-09 17:17:03,285 | INFO | src.preprocessing | Target: price  range: $200,000 to $800,000
2026-04-09 17:17:03,286 | INFO | src.preprocessing | Stratifying split on: property_type_Condo
2026-04-09 17:17:03,298 | INFO | src.preprocessing | Split complete  Train: 1488, Test: 372
2026-04-09 17:17:03,301 | INFO | src.preprocessing | Feature columns saved to models/feature_columns.pkl
2026-04-09 17:17:03,301 | INFO | src.preprocessing | Preprocessing pipeline complete.
2026-04-09 17:17:03,315 | INFO | src.train | Linear Regression trained. Intercept: $-23,695,096.43
2026-04-09 17:17:04,169 | INFO | src.train | Random Forest trained. Trees: 200
2026-04-09 17:17:04,173 | INFO | src.train | Model saved: models\linear_regression.pkl
2026-04-09 17:17:04,255 | INFO | src.train | Model saved: models\random_forest.pkl
2026-04-09 17:17:04,256 | INFO | src.train | All models trained and saved.
2026-04-09 17:17:04,261 | INFO | src.evaluate | linear_regression | Train MAE: $86,395
2026-04-09 17:17:04,261 | INFO | src.evaluate | linear_regression | Test  MAE: $86,949
2026-04-09 17:17:04,262 | INFO | src.evaluate | linear_regression | RMSE: $108,733
2026-04-09 17:17:04,262 | INFO | src.evaluate | linear_regression | Rý:   0.5035
2026-04-09 17:17:04,431 | INFO | src.evaluate | random_forest | Train MAE: $16,864
2026-04-09 17:17:04,431 | INFO | src.evaluate | random_forest | Test  MAE: $46,713
2026-04-09 17:17:04,432 | INFO | src.evaluate | random_forest | RMSE: $65,436
2026-04-09 17:17:04,432 | INFO | src.evaluate | random_forest | Rý:   0.8202
2026-04-09 17:17:06,381 | INFO | src.evaluate | Residual plot saved: logs/linear_regression_residuals.png
2026-04-09 17:17:06,883 | INFO | src.evaluate | Residual plot saved: logs/random_forest_residuals.png
2026-04-09 17:17:07,342 | INFO | src.evaluate | Feature importance plot saved: logs/feature_importance.png
2026-04-09 17:17:24,267 | INFO | src.utils | Logging initialized. Log: logs\real_estate.log
2026-04-09 17:17:31,712 | INFO | src.utils | Logging initialized. Log: logs\real_estate.log
2026-04-09 17:17:34,720 | INFO | src.predict | Model loaded: random_forest
2026-04-09 17:17:34,722 | INFO | src.predict | Feature columns loaded: 13 features
2026-04-09 17:17:34,722 | INFO | src.predict | Input validation passed.
2026-04-09 17:17:34,862 | INFO | src.predict | Predicted price: $277,506 using random_forest
2026-04-09 18:31:03,625 | INFO | src.utils | Logging initialized. Log: logs\real_estate.log
2026-04-09 18:32:16,491 | INFO | src.utils | Logging initialized. Log: logs\real_estate.log
2026-04-09 18:32:29,423 | INFO | src.utils | Logging initialized. Log: logs\real_estate.log
2026-04-09 18:32:34,539 | INFO | src.predict | Model loaded: random_forest
2026-04-09 18:32:34,556 | INFO | src.predict | Feature columns loaded: 13 features
2026-04-09 18:32:34,556 | INFO | src.predict | Model loaded: random_forest
2026-04-09 18:32:34,557 | INFO | src.predict | Input validation passed.
2026-04-09 18:32:34,559 | INFO | src.predict | Feature columns loaded: 13 features
2026-04-09 18:32:34,560 | INFO | src.predict | Input validation passed.
2026-04-09 18:32:34,823 | INFO | src.predict | Predicted price: $276,246 using random_forest
2026-04-09 18:32:35,004 | INFO | src.predict | Predicted price: $276,246 using random_forest
2026-04-09 18:33:19,365 | INFO | src.utils | Logging initialized. Log: logs\real_estate.log
2026-04-09 18:33:31,448 | INFO | src.utils | Logging initialized. Log: logs\real_estate.log
2026-04-09 18:33:34,071 | INFO | src.predict | Model loaded: random_forest
2026-04-09 18:33:34,072 | INFO | src.predict | Feature columns loaded: 13 features
2026-04-09 18:33:34,073 | INFO | src.predict | Input validation passed.
2026-04-09 18:33:34,205 | INFO | src.predict | Predicted price: $276,831 using random_forest
2026-04-09 18:33:44,367 | INFO | src.utils | Logging initialized. Log: logs\real_estate.log
2026-04-09 18:33:44,413 | INFO | src.predict | Model loaded: linear_regression
2026-04-09 18:33:44,415 | INFO | src.predict | Feature columns loaded: 13 features
2026-04-09 18:33:44,415 | INFO | src.predict | Input validation passed.
2026-04-09 18:33:44,423 | INFO | src.predict | Predicted price: $-15,232,290 using linear_regression
2026-04-09 18:34:10,337 | INFO | src.utils | Logging initialized. Log: logs\real_estate.log
2026-04-09 18:34:10,363 | INFO | src.predict | Model loaded: linear_regression
2026-04-09 18:34:10,366 | INFO | src.predict | Feature columns loaded: 13 features
2026-04-09 18:34:10,368 | INFO | src.predict | Input validation passed.
2026-04-09 18:34:10,377 | INFO | src.predict | Predicted price: $-15,215,489 using linear_regression
2026-04-09 18:34:15,853 | INFO | src.utils | Logging initialized. Log: logs\real_estate.log
2026-04-09 18:34:15,874 | INFO | src.predict | Model loaded: linear_regression
2026-04-09 18:34:15,875 | INFO | src.predict | Feature columns loaded: 13 features
2026-04-09 18:34:15,876 | INFO | src.predict | Input validation passed.
2026-04-09 18:34:15,883 | INFO | src.predict | Predicted price: $-15,215,489 using linear_regression
2026-04-09 18:34:18,545 | INFO | src.utils | Logging initialized. Log: logs\real_estate.log
2026-04-09 18:34:18,564 | INFO | src.predict | Model loaded: linear_regression
2026-04-09 18:34:18,565 | INFO | src.predict | Feature columns loaded: 13 features
2026-04-09 18:34:18,566 | INFO | src.predict | Input validation passed.
2026-04-09 18:34:18,573 | INFO | src.predict | Predicted price: $-15,215,489 using linear_regression
2026-04-09 18:34:28,010 | INFO | src.utils | Logging initialized. Log: logs\real_estate.log
2026-04-09 18:34:37,870 | INFO | src.utils | Logging initialized. Log: logs\real_estate.log
2026-04-09 18:34:37,893 | INFO | src.predict | Model loaded: linear_regression
2026-04-09 18:34:37,895 | INFO | src.predict | Feature columns loaded: 13 features
2026-04-09 18:34:37,898 | INFO | src.predict | Input validation passed.
2026-04-09 18:34:37,905 | INFO | src.predict | Predicted price: $-15,215,555 using linear_regression
2026-04-09 18:34:55,143 | INFO | src.utils | Logging initialized. Log: logs\real_estate.log
2026-04-09 18:34:55,168 | INFO | src.predict | Model loaded: linear_regression
2026-04-09 18:34:55,171 | INFO | src.predict | Feature columns loaded: 13 features
2026-04-09 18:34:55,172 | INFO | src.predict | Input validation passed.
2026-04-09 18:34:55,182 | INFO | src.predict | Predicted price: $-15,194,554 using linear_regression
2026-04-09 18:34:58,696 | INFO | src.utils | Logging initialized. Log: logs\real_estate.log
2026-04-09 18:35:08,993 | INFO | src.utils | Logging initialized. Log: logs\real_estate.log
2026-04-09 18:35:09,234 | INFO | src.predict | Model loaded: random_forest
2026-04-09 18:35:09,237 | INFO | src.predict | Feature columns loaded: 13 features
2026-04-09 18:35:09,238 | INFO | src.predict | Input validation passed.
2026-04-09 18:35:09,357 | INFO | src.predict | Predicted price: $277,506 using random_forest
2026-04-09 18:35:20,615 | INFO | src.utils | Logging initialized. Log: logs\real_estate.log
2026-04-09 18:35:31,843 | INFO | src.utils | Logging initialized. Log: logs\real_estate.log
2026-04-09 18:35:31,868 | INFO | src.predict | Model loaded: linear_regression
2026-04-09 18:35:31,871 | INFO | src.predict | Feature columns loaded: 13 features
2026-04-09 18:35:31,872 | INFO | src.predict | Input validation passed.
2026-04-09 18:35:31,883 | INFO | src.predict | Predicted price: $-15,198,754 using linear_regression
